2023-05-10 17:06:42,859:INFO:Connecting to database
2023-05-10 17:06:42,859:INFO:Connection string: DRIVER=/opt/homebrew/lib/libmsodbcsql.18.dylib;SERVER=localhost,1433;DATABASE=Orders_RELATIONAL_DB;TrustServerCertificate=yes;UID=sa;PWD=bigStrong1234Password!re
2023-05-10 17:07:12,971:ERROR:Failed to connect to database with error: ('HYT00', '[HYT00] [Microsoft][ODBC Driver 18 for SQL Server]Login timeout expired (0) (SQLDriverConnect)')
2023-05-10 17:54:13,099:INFO:Connecting to database
2023-05-10 17:54:13,100:INFO:Connection string: DRIVER=/opt/homebrew/lib/libmsodbcsql.18.dylib;SERVER=localhost,1433;DATABASE=master;TrustServerCertificate=yes;UID=sa;PWD=bigStrong1234Password!re
2023-05-10 17:54:13,419:INFO:Connected to database
2023-05-10 17:54:13,557:INFO:Dropped databases
2023-05-10 17:54:14,430:INFO:Created databases
2023-05-10 17:54:14,445:INFO:Connecting to database
2023-05-10 17:54:14,445:INFO:Connection string: DRIVER=/opt/homebrew/lib/libmsodbcsql.18.dylib;SERVER=localhost,1433;DATABASE=Orders_RELATIONAL_DB;TrustServerCertificate=yes;UID=sa;PWD=bigStrong1234Password!re
2023-05-10 17:54:14,490:INFO:Connected to database
2023-05-10 17:54:14,492:INFO:Created databases
2023-05-10 17:54:14,497:INFO:The dbo.Categories table from the database Orders_RELATIONAL_DB has been dropped
2023-05-10 17:54:14,500:INFO:The dbo.Categories table from the database Orders_RELATIONAL_DB has been created
2023-05-10 17:54:14,677:INFO:The dbo.Customers table from the database Orders_RELATIONAL_DB has been dropped
2023-05-10 17:54:14,681:INFO:The dbo.Customers table from the database Orders_RELATIONAL_DB has been created
2023-05-10 17:54:15,095:INFO:The dbo.Employees table from the database Orders_RELATIONAL_DB has been dropped
2023-05-10 17:54:15,099:INFO:The dbo.Employees table from the database Orders_RELATIONAL_DB has been created
2023-05-10 17:54:15,182:INFO:The dbo.Suppliers table from the database Orders_RELATIONAL_DB has been dropped
2023-05-10 17:54:15,185:INFO:The dbo.Suppliers table from the database Orders_RELATIONAL_DB has been created
2023-05-10 17:54:15,344:INFO:The dbo.Products table from the database Orders_RELATIONAL_DB has been dropped
2023-05-10 17:54:15,347:INFO:The dbo.Products table from the database Orders_RELATIONAL_DB has been created
2023-05-10 17:54:15,661:INFO:The dbo.Region table from the database Orders_RELATIONAL_DB has been dropped
2023-05-10 17:54:15,664:INFO:The dbo.Region table from the database Orders_RELATIONAL_DB has been created
2023-05-10 17:54:15,731:INFO:The dbo.Shippers table from the database Orders_RELATIONAL_DB has been dropped
2023-05-10 17:54:15,734:INFO:The dbo.Shippers table from the database Orders_RELATIONAL_DB has been created
2023-05-10 17:54:15,772:INFO:The dbo.Territories table from the database Orders_RELATIONAL_DB has been dropped
2023-05-10 17:54:15,776:INFO:The dbo.Territories table from the database Orders_RELATIONAL_DB has been created
2023-05-10 17:54:15,937:INFO:The dbo.Orders table from the database Orders_RELATIONAL_DB has been dropped
2023-05-10 17:54:15,939:INFO:The dbo.Orders table from the database Orders_RELATIONAL_DB has been created
2023-05-10 17:54:18,899:INFO:The dbo.OrderDetails table from the database Orders_RELATIONAL_DB has been dropped
2023-05-10 17:54:18,903:INFO:The dbo.OrderDetails table from the database Orders_RELATIONAL_DB has been created
2023-05-10 17:54:23,940:INFO:Added primary key constraints
2023-05-10 17:54:23,994:INFO:Added foriegn key constraints
2023-05-10 17:54:24,011:INFO:Connecting to database
2023-05-10 17:54:24,011:INFO:Connection string: DRIVER=/opt/homebrew/lib/libmsodbcsql.18.dylib;SERVER=localhost,1433;DATABASE=Orders_DIMENSIONAL_DW;TrustServerCertificate=yes;UID=sa;PWD=bigStrong1234Password!re
2023-05-10 17:54:24,058:INFO:Connected to database
2023-05-10 17:54:24,060:INFO:The dbo.dim_Categories_SCD3 table from the database Orders_DIMENSIONAL_DW has been dropped
2023-05-10 17:54:24,063:INFO:The dbo.dim_Categories_SCD3 table from the database Orders_DIMENSIONAL_DW has been created

2023-05-10 17:54:24,070:INFO:Updated dim table Categories_SCD3

2023-05-10 17:54:24,071:INFO:The dbo.dim_Customers_SCD3 table from the database Orders_DIMENSIONAL_DW has been dropped
2023-05-10 17:54:24,074:INFO:The dbo.dim_Customers_SCD3 table from the database Orders_DIMENSIONAL_DW has been created

2023-05-10 17:54:24,084:INFO:Updated dim table Customers_SCD3

2023-05-10 17:54:24,086:INFO:The dbo.dim_Employees_SCD2 table from the database Orders_DIMENSIONAL_DW has been dropped
2023-05-10 17:54:24,089:INFO:The dbo.dim_Employees_SCD2 table from the database Orders_DIMENSIONAL_DW has been created

2023-05-10 17:54:24,153:INFO:Updated dim table Employees_SCD2

2023-05-10 17:54:24,154:INFO:The dbo.dim_Products_SCD4 table from the database Orders_DIMENSIONAL_DW has been dropped
2023-05-10 17:54:24,159:INFO:The dbo.dim_Products_SCD4 table from the database Orders_DIMENSIONAL_DW has been created

2023-05-10 17:54:24,177:INFO:Updated dim table Products_SCD4

2023-05-10 17:54:24,179:INFO:The dbo.dim_Region_SCD1_with_delete table from the database Orders_DIMENSIONAL_DW has been dropped
2023-05-10 17:54:24,181:INFO:The dbo.dim_Region_SCD1_with_delete table from the database Orders_DIMENSIONAL_DW has been created

2023-05-10 17:54:24,188:INFO:Updated dim table Region_SCD1_with_delete

2023-05-10 17:54:24,190:INFO:The dbo.dim_Shippers_SCD3 table from the database Orders_DIMENSIONAL_DW has been dropped
2023-05-10 17:54:24,193:INFO:The dbo.dim_Shippers_SCD3 table from the database Orders_DIMENSIONAL_DW has been created

2023-05-10 17:54:24,199:INFO:Updated dim table Shippers_SCD3

2023-05-10 17:54:24,200:INFO:The dbo.dim_Suppliers_SCD1_with_delete table from the database Orders_DIMENSIONAL_DW has been dropped
2023-05-10 17:54:24,203:INFO:The dbo.dim_Suppliers_SCD1_with_delete table from the database Orders_DIMENSIONAL_DW has been created

2023-05-10 17:54:24,213:INFO:Updated dim table Suppliers_SCD1_with_delete

2023-05-10 17:54:24,215:INFO:The dbo.dim_Territories_SCD3 table from the database Orders_DIMENSIONAL_DW has been dropped
2023-05-10 17:54:24,218:INFO:The dbo.dim_Territories_SCD3 table from the database Orders_DIMENSIONAL_DW has been created

2023-05-10 17:54:24,230:INFO:Updated dim table Territories_SCD3

